#
# A fatal error has been detected by the Java Runtime Environment:
#
#  SIGFPE (0x8) at pc=0x0000000110e158c8, pid=5867, tid=0x0000000000001803
#
# JRE version: Java(TM) SE Runtime Environment (8.0_271-b09) (build 1.8.0_271-b09)
# Java VM: Java HotSpot(TM) 64-Bit Server VM (25.271-b09 mixed mode bsd-amd64 compressed oops)
# Problematic frame:
# j  _04_Crazy_Digital_Painting.CrazyDigitalPainting.<init>()V+35
#
# Failed to write core dump. Core dumps have been disabled. To enable core dumping, try "ulimit -c unlimited" before starting Java again
#
# If you would like to submit a bug report, please visit:
#   http://bugreport.java.com/bugreport/crash.jsp
#

---------------  T H R E A D  ---------------

Current thread (0x00007fb65680c800):  JavaThread "main" [_thread_in_Java, id=6147, stack(0x0000000309aac000,0x0000000309bac000)]

siginfo: si_signo: 8 (SIGFPE), si_code: 5 (FPE_FLTINV), si_addr: 0x0000000110e158c8

Registers:
RAX=0x0000000000000000, RBX=0x000000000000006c, RCX=0x0000000000000000, RDX=0x0000000000000000
RSP=0x0000000309bab958, RBP=0x0000000309bab9c0, RSI=0x000000076b171a60, RDI=0x00007fb65680c800
R8 =0x0000000000000000, R9 =0x000000010f728c00, R10=0x000000010f731f50, R11=0x0000000309bab4e0
R12=0x0000000000000000, R13=0x0000000129b102bd, R14=0x0000000309bab9e0, R15=0x00007fb65680c800
RIP=0x0000000110e158c8, EFLAGS=0x0000000000000a87, ERR=0x0000000000000000
  TRAPNO=0x0000000000000000

Top of Stack: (sp=0x0000000309bab958)
0x0000000309bab958:   0000000000000000 000000076b171a60
0x0000000309bab968:   000000076b171a60 0000000000000000
0x0000000309bab978:   000000076ac3f230 0000000309bab980
0x0000000309bab988:   0000000129b102b3 0000000309bab9e0
0x0000000309bab998:   0000000129b10448 0000000000000000
0x0000000309bab9a8:   0000000129b10328 0000000000000000
0x0000000309bab9b8:   0000000309bab9e0 0000000309baba28
0x0000000309bab9c8:   0000000110e012bd 0000000000000000
0x0000000309bab9d8:   0000000000000000 000000076ac3de78
0x0000000309bab9e8:   0000000309bab9e8 0000000129b103d3
0x0000000309bab9f8:   0000000309baba38 0000000129b10448
0x0000000309baba08:   0000000000000000 0000000129b103f0
0x0000000309baba18:   0000000309bab9e0 0000000309baba38
0x0000000309baba28:   0000000309babaa0 0000000110df97a7
0x0000000309baba38:   000000076ac3de68 00007fb600001fa0
0x0000000309baba48:   00007fb65680c800 00007fb65680c800
0x0000000309baba58:   0000000309babe70 0000000129b103f0
0x0000000309baba68:   0000000000000001 0000000309babb18
0x0000000309baba78:   0000000309babe78 000000000000000a
0x0000000309baba88:   0000000129b103f0 0000000110e0c600
0x0000000309baba98:   0000000309babcd0 0000000309babc10
0x0000000309babaa8:   000000010f2d4795 0000000000000001
0x0000000309babab8:   00007fb65680c800 ffffffffffffffff
0x0000000309babac8:   00007fb65680c800 00007fb655707f00
0x0000000309babad8:   00007fb6557084e0 00007fb6557084f0
0x0000000309babae8:   00007fb6557085c8 00000000000000d8
0x0000000309babaf8:   00007fb6557083e0 0000000309babb40
0x0000000309babb08:   0000000c904d002d 0000000309babb70
0x0000000309babb18:   00007fb65680c800 00007fb655709250
0x0000000309babb28:   0000000129b103f0 0000000000000000
0x0000000309babb38:   0000000000000000 0000000000000000
0x0000000309babb48:   0000000000000000 0000000309babe70 

Instructions: (pc=0x0000000110e158c8)
0x0000000110e158a8:   c8 8b 04 24 48 83 c4 08 81 f8 00 00 00 80 0f 85
0x0000000110e158b8:   0b 00 00 00 33 d2 83 f9 ff 0f 84 03 00 00 00 99
0x0000000110e158c8:   f7 f9 41 0f b6 5d 01 49 ff c5 49 ba 50 1f 73 0f
0x0000000110e158d8:   01 00 00 00 41 ff 24 da 80 00 00 00 00 00 00 00 

Register to memory mapping:

RAX=0x0000000000000000 is an unknown value
RBX=0x000000000000006c is an unknown value
RCX=0x0000000000000000 is an unknown value
RDX=0x0000000000000000 is an unknown value
RSP=0x0000000309bab958 is pointing into the stack for thread: 0x00007fb65680c800
RBP=0x0000000309bab9c0 is pointing into the stack for thread: 0x00007fb65680c800
RSI=0x000000076b171a60 is an oop
java.awt.Color 
 - klass: 'java/awt/Color'
RDI=0x00007fb65680c800 is a thread
R8 =0x0000000000000000 is an unknown value
R9 =0x000000010f728c00: _ZN2os16_processor_countE+0 in /Library/Internet Plug-Ins/JavaAppletPlugin.plugin/Contents/Home/lib/server/libjvm.dylib at 0x000000010f000000
R10=0x000000010f731f50: _ZN19TemplateInterpreter13_active_tableE+0x2000 in /Library/Internet Plug-Ins/JavaAppletPlugin.plugin/Contents/Home/lib/server/libjvm.dylib at 0x000000010f000000
R11=0x0000000309bab4e0 is pointing into the stack for thread: 0x00007fb65680c800
R12=0x0000000000000000 is an unknown value
R13=0x0000000129b102bd is pointing into metadata
R14=0x0000000309bab9e0 is pointing into the stack for thread: 0x00007fb65680c800
R15=0x00007fb65680c800 is a thread


Stack: [0x0000000309aac000,0x0000000309bac000],  sp=0x0000000309bab958,  free space=1022k
Native frames: (J=compiled Java code, j=interpreted, Vv=VM code, C=native code)
j  _04_Crazy_Digital_Painting.CrazyDigitalPainting.<init>()V+35
j  _04_Crazy_Digital_Painting.CrazyDigitalPainting.main([Ljava/lang/String;)V+3
v  ~StubRoutines::call_stub
V  [libjvm.dylib+0x2d4795]
V  [libjvm.dylib+0x30582b]
V  [libjvm.dylib+0x308edb]
C  [java+0x316c]  JavaMain+0x9dc
C  [libsystem_pthread.dylib+0x6950]  _pthread_start+0xe0
C  [libsystem_pthread.dylib+0x247b]  thread_start+0xf
C  0x0000000000000000


---------------  P R O C E S S  ---------------

Java Threads: ( => current thread )
  0x00007fb655901800 JavaThread "AWT-Shutdown" [_thread_blocked, id=31007, stack(0x000000030aef4000,0x000000030aff4000)]
  0x00007fb6568bb000 JavaThread "AWT-AppKit" daemon [_thread_in_native, id=515, stack(0x0000000309228000,0x0000000309a28000)]
  0x00007fb657851000 JavaThread "Service Thread" daemon [_thread_blocked, id=24323, stack(0x000000030acee000,0x000000030adee000)]
  0x00007fb656019000 JavaThread "C1 CompilerThread3" daemon [_thread_blocked, id=23555, stack(0x000000030abeb000,0x000000030aceb000)]
  0x00007fb656018800 JavaThread "C2 CompilerThread2" daemon [_thread_blocked, id=23043, stack(0x000000030aae8000,0x000000030abe8000)]
  0x00007fb656015000 JavaThread "C2 CompilerThread1" daemon [_thread_blocked, id=43011, stack(0x000000030a9e5000,0x000000030aae5000)]
  0x00007fb656016800 JavaThread "C2 CompilerThread0" daemon [_thread_blocked, id=22531, stack(0x000000030a8e2000,0x000000030a9e2000)]
  0x00007fb656008800 JavaThread "Signal Dispatcher" daemon [_thread_blocked, id=22019, stack(0x000000030a7df000,0x000000030a8df000)]
  0x00007fb657848800 JavaThread "Finalizer" daemon [_thread_blocked, id=13855, stack(0x000000030a5cd000,0x000000030a6cd000)]
  0x00007fb65580d000 JavaThread "Reference Handler" daemon [_thread_blocked, id=18467, stack(0x000000030a4ca000,0x000000030a5ca000)]
=>0x00007fb65680c800 JavaThread "main" [_thread_in_Java, id=6147, stack(0x0000000309aac000,0x0000000309bac000)]

Other Threads:
  0x00007fb65681e800 VMThread [stack: 0x000000030a3c7000,0x000000030a4c7000] [id=18947]
  0x00007fb65784d800 WatcherThread [stack: 0x000000030adf1000,0x000000030aef1000] [id=42007]

VM state:not at safepoint (normal execution)

VM Mutex/Monitor currently owned by a thread: None

heap address: 0x00000006c0000000, size: 4096 MB, Compressed Oops mode: Zero based, Oop shift amount: 3
Narrow klass base: 0x0000000000000000, Narrow klass shift: 3
Compressed class space size: 1073741824 Address: 0x00000007c0000000

Heap:
 PSYoungGen      total 76288K, used 9182K [0x000000076ab00000, 0x0000000770000000, 0x00000007c0000000)
  eden space 65536K, 14% used [0x000000076ab00000,0x000000076b3f7b40,0x000000076eb00000)
  from space 10752K, 0% used [0x000000076f580000,0x000000076f580000,0x0000000770000000)
  to   space 10752K, 0% used [0x000000076eb00000,0x000000076eb00000,0x000000076f580000)
 ParOldGen       total 175104K, used 0K [0x00000006c0000000, 0x00000006cab00000, 0x000000076ab00000)
  object space 175104K, 0% used [0x00000006c0000000,0x00000006c0000000,0x00000006cab00000)
 Metaspace       used 3978K, capacity 4670K, committed 4864K, reserved 1056768K
  class space    used 454K, capacity 498K, committed 512K, reserved 1048576K

Card table byte_map: [0x00000001201b9000,0x00000001209ba000] byte_map_base: 0x000000011cbb9000

Marking Bits: (ParMarkBitMap*) 0x000000010f729768
 Begin Bits: [0x0000000120f10000, 0x0000000124f10000)
 End Bits:   [0x0000000124f10000, 0x0000000128f10000)

Polling page: 0x000000010ae90000

CodeCache: size=245760Kb used=1572Kb max_used=1574Kb free=244187Kb
 bounds [0x0000000110df9000, 0x0000000111069000, 0x000000011fdf9000]
 total_blobs=516 nmethods=256 adapters=175
 compilation: enabled

Compilation events (10 events):
Event: 0.232 Thread 0x00007fb656019000  250       3       jdk.internal.org.objectweb.asm.ByteVector::enlarge (51 bytes)
Event: 0.233 Thread 0x00007fb656019000 nmethod 250 0x0000000110f814d0 code [0x0000000110f81640, 0x0000000110f81968]
Event: 0.235 Thread 0x00007fb656019000  253       3       java.lang.String::indexOf (25 bytes)
Event: 0.235 Thread 0x00007fb656019000 nmethod 253 0x0000000110f81090 code [0x0000000110f81200, 0x0000000110f813c8]
Event: 0.235 Thread 0x00007fb656019000  252       3       java.lang.String::indexOf (7 bytes)
Event: 0.235 Thread 0x00007fb656019000 nmethod 252 0x0000000110f80b10 code [0x0000000110f80c80, 0x0000000110f80f28]
Event: 0.236 Thread 0x00007fb656019000  254       3       java.lang.ThreadLocal::get (38 bytes)
Event: 0.237 Thread 0x00007fb656019000 nmethod 254 0x0000000110f80450 code [0x0000000110f805e0, 0x0000000110f80938]
Event: 0.237 Thread 0x00007fb656019000  255       3       java.lang.ThreadLocal$ThreadLocalMap::access$000 (6 bytes)
Event: 0.237 Thread 0x00007fb656019000 nmethod 255 0x0000000110f80090 code [0x0000000110f80200, 0x0000000110f80368]

GC Heap History (0 events):
No events

Deoptimization events (0 events):
No events

Classes redefined (0 events):
No events

Internal exceptions (10 events):
Event: 0.032 Thread 0x00007fb65680c800 Exception <a 'java/lang/NoSuchMethodError': Method sun.misc.Unsafe.defineClass(Ljava/lang/String;[BII)Ljava/lang/Class; name or signature does not match> (0x000000076ab07cc0) thrown at [/jenkins/workspace/8-2-build-macosx-x86_64/jdk8u271/605/hotspot/src/s
Event: 0.032 Thread 0x00007fb65680c800 Exception <a 'java/lang/NoSuchMethodError': Method sun.misc.Unsafe.prefetchRead(Ljava/lang/Object;J)V name or signature does not match> (0x000000076ab07fa8) thrown at [/jenkins/workspace/8-2-build-macosx-x86_64/jdk8u271/605/hotspot/src/share/vm/prims/jni.
Event: 0.117 Thread 0x00007fb65680c800 Exception <a 'java/security/PrivilegedActionException'> (0x000000076b0133b8) thrown at [/jenkins/workspace/8-2-build-macosx-x86_64/jdk8u271/605/hotspot/src/share/vm/prims/jvm.cpp, line 1512]
Event: 0.117 Thread 0x00007fb65680c800 Exception <a 'java/security/PrivilegedActionException'> (0x000000076b0135c8) thrown at [/jenkins/workspace/8-2-build-macosx-x86_64/jdk8u271/605/hotspot/src/share/vm/prims/jvm.cpp, line 1512]
Event: 0.118 Thread 0x00007fb65680c800 Exception <a 'java/security/PrivilegedActionException'> (0x000000076b017c20) thrown at [/jenkins/workspace/8-2-build-macosx-x86_64/jdk8u271/605/hotspot/src/share/vm/prims/jvm.cpp, line 1512]
Event: 0.118 Thread 0x00007fb65680c800 Exception <a 'java/security/PrivilegedActionException'> (0x000000076b017e30) thrown at [/jenkins/workspace/8-2-build-macosx-x86_64/jdk8u271/605/hotspot/src/share/vm/prims/jvm.cpp, line 1512]
Event: 0.186 Thread 0x00007fb65680c800 Exception <a 'java/lang/NoSuchFieldError': method resolution failed> (0x000000076b0e7e20) thrown at [/jenkins/workspace/8-2-build-macosx-x86_64/jdk8u271/605/hotspot/src/share/vm/prims/methodHandles.cpp, line 1169]
Event: 0.198 Thread 0x00007fb65680c800 Exception <a 'java/lang/NoSuchFieldError': method resolution failed> (0x000000076b0f55c0) thrown at [/jenkins/workspace/8-2-build-macosx-x86_64/jdk8u271/605/hotspot/src/share/vm/prims/methodHandles.cpp, line 1169]
Event: 0.340 Thread 0x00007fb65680c800 Exception <a 'java/io/FileNotFoundException'> (0x000000076b1705b0) thrown at [/jenkins/workspace/8-2-build-macosx-x86_64/jdk8u271/605/hotspot/src/share/vm/prims/jni.cpp, line 710]
Event: 0.340 Thread 0x00007fb65680c800 Exception <a 'java/io/FileNotFoundException'> (0x000000076b171120) thrown at [/jenkins/workspace/8-2-build-macosx-x86_64/jdk8u271/605/hotspot/src/share/vm/prims/jni.cpp, line 710]

Events (10 events):
Event: 0.338 loading class com/apple/eawt/PrintFilesHandler done
Event: 0.338 loading class com/apple/eawt/QuitHandler
Event: 0.338 loading class com/apple/eawt/QuitHandler done
Event: 0.338 loading class com/apple/eawt/_AppEventLegacyHandler done
Event: 0.338 loading class com/apple/eawt/QuitStrategy
Event: 0.338 loading class com/apple/eawt/QuitStrategy done
Event: 0.338 loading class com/apple/eawt/_AppEventHandler$_NativeEvent
Event: 0.338 loading class com/apple/eawt/_AppEventHandler$_NativeEvent done
Event: 0.339 loading class java/awt/Toolkit$1
Event: 0.339 loading class java/awt/Toolkit$1 done


Dynamic libraries:
0x00007ffdffb8e000 	/Library/Apple/usr/libexec/oah/runtime
0x00007fff35346000 	/System/Library/Frameworks/Cocoa.framework/Versions/A/Cocoa
0x00007fff22205000 	/System/Library/Frameworks/Security.framework/Versions/A/Security
0x00007fff33545000 	/System/Library/Frameworks/ApplicationServices.framework/Versions/A/ApplicationServices
0x00007fff2a6a8000 	/usr/lib/libz.1.dylib
0x00007fff2a774000 	/usr/lib/libSystem.B.dylib
0x00007fff20498000 	/System/Library/Frameworks/CoreFoundation.framework/Versions/A/CoreFoundation
0x00007fff2117a000 	/System/Library/Frameworks/Foundation.framework/Versions/C/Foundation
0x00007fff202b7000 	/usr/lib/libobjc.A.dylib
0x00007fff22c2b000 	/System/Library/Frameworks/AppKit.framework/Versions/C/AppKit
0x00007fff25ae7000 	/System/Library/Frameworks/CoreData.framework/Versions/A/CoreData
0x00007fff2398e000 	/System/Library/PrivateFrameworks/UIFoundation.framework/Versions/A/UIFoundation
0x00007fff2ff29000 	/System/Library/PrivateFrameworks/RemoteViewServices.framework/Versions/A/RemoteViewServices
0x00007fff28cc5000 	/System/Library/PrivateFrameworks/XCTTargetBootstrap.framework/Versions/A/XCTTargetBootstrap
0x00007fff2ba11000 	/usr/lib/libspindump.dylib
0x00007fff23be2000 	/System/Library/Frameworks/UniformTypeIdentifiers.framework/Versions/A/UniformTypeIdentifiers
0x00007fff2749c000 	/usr/lib/libapp_launch_measurement.dylib
0x00007fff2749f000 	/System/Library/PrivateFrameworks/CoreAutoLayout.framework/Versions/A/CoreAutoLayout
0x00007fff28627000 	/System/Library/Frameworks/Metal.framework/Versions/A/Metal
0x00007fff2931a000 	/usr/lib/liblangid.dylib
0x00007fff28cc9000 	/System/Library/PrivateFrameworks/CoreSVG.framework/Versions/A/CoreSVG
0x00007fff24bc9000 	/System/Library/PrivateFrameworks/SkyLight.framework/Versions/A/SkyLight
0x00007fff24f2f000 	/System/Library/Frameworks/CoreGraphics.framework/Versions/A/CoreGraphics
0x00007fff30580000 	/System/Library/Frameworks/Accelerate.framework/Versions/A/Accelerate
0x00007fff2b44c000 	/System/Library/PrivateFrameworks/IconServices.framework/Versions/A/IconServices
0x00007fff2860c000 	/System/Library/Frameworks/IOSurface.framework/Versions/A/IOSurface
0x00007fff26479000 	/usr/lib/libDiagnosticMessagesClient.dylib
0x00007fff28cb1000 	/System/Library/PrivateFrameworks/DFRFoundation.framework/Versions/A/DFRFoundation
0x00007fff22557000 	/usr/lib/libicucore.A.dylib
0x00007fff2cf51000 	/System/Library/Frameworks/AudioToolbox.framework/Versions/A/AudioToolbox
0x00007fff2c1f7000 	/System/Library/PrivateFrameworks/DataDetectorsCore.framework/Versions/A/DataDetectorsCore
0x00007fff289b1000 	/System/Library/Frameworks/Carbon.framework/Versions/A/Frameworks/HIToolbox.framework/Versions/A/HIToolbox
0x00007fff26ef4000 	/System/Library/Frameworks/QuartzCore.framework/Versions/A/QuartzCore
0x00007fff2ff65000 	/System/Library/Frameworks/Carbon.framework/Versions/A/Frameworks/SpeechRecognition.framework/Versions/A/SpeechRecognition
0x00007fff27204000 	/System/Library/PrivateFrameworks/CoreUI.framework/Versions/A/CoreUI
0x00007fff21b61000 	/System/Library/Frameworks/CoreAudio.framework/Versions/A/CoreAudio
0x00007fff26564000 	/System/Library/Frameworks/DiskArbitration.framework/Versions/A/DiskArbitration
0x00007fff2be0b000 	/System/Library/PrivateFrameworks/MultitouchSupport.framework/Versions/A/MultitouchSupport
0x00007fff2c1ee000 	/System/Library/PrivateFrameworks/InternationalSupport.framework/Versions/A/InternationalSupport
0x00007fff24b3d000 	/usr/lib/libenergytrace.dylib
0x00007fff22b25000 	/System/Library/Frameworks/IOKit.framework/Versions/A/IOKit
0x00007fff302b2000 	/System/Library/Frameworks/CoreServices.framework/Versions/A/CoreServices
0x00007fff27432000 	/System/Library/PrivateFrameworks/PerformanceAnalysis.framework/Versions/A/PerformanceAnalysis
0x00007fff6cbbb000 	/System/Library/Frameworks/OpenGL.framework/Versions/A/OpenGL
0x00007fff2c273000 	/System/Library/PrivateFrameworks/UserActivity.framework/Versions/A/UserActivity
0x00007fff255e9000 	/System/Library/Frameworks/ColorSync.framework/Versions/A/ColorSync
0x00007fff28f31000 	/System/Library/Frameworks/CoreImage.framework/Versions/A/CoreImage
0x00007fff21978000 	/System/Library/Frameworks/CoreText.framework/Versions/A/CoreText
0x00007fff28cf3000 	/System/Library/Frameworks/ImageIO.framework/Versions/A/ImageIO
0x00007fff2a77a000 	/System/Library/PrivateFrameworks/SoftLinking.framework/Versions/A/SoftLinking
0x00007fff274e8000 	/usr/lib/libxml2.2.dylib
0x00007fff2037d000 	/usr/lib/libc++.1.dylib
0x00007fff2a9ec000 	/usr/lib/libcompression.dylib
0x00007fff24b3e000 	/usr/lib/libMobileGestalt.dylib
0x00007fff2c121000 	/System/Library/PrivateFrameworks/TextureIO.framework/Versions/A/TextureIO
0x00007fff2b0d9000 	/usr/lib/libate.dylib
0x00007fff2a76e000 	/usr/lib/system/libcache.dylib
0x00007fff2a72a000 	/usr/lib/system/libcommonCrypto.dylib
0x00007fff2a754000 	/usr/lib/system/libcompiler_rt.dylib
0x00007fff2a749000 	/usr/lib/system/libcopyfile.dylib
0x00007fff201a6000 	/usr/lib/system/libcorecrypto.dylib
0x00007fff20272000 	/usr/lib/system/libdispatch.dylib
0x00007fff20427000 	/usr/lib/system/libdyld.dylib
0x00007fff2a765000 	/usr/lib/system/libkeymgr.dylib
0x00007fff2dd03000 	/usr/lib/system/liblaunch.dylib
0x00007fff2a708000 	/usr/lib/system/libmacho.dylib
0x00007fff29f1e000 	/usr/lib/system/libquarantine.dylib
0x00007fff2a762000 	/usr/lib/system/libremovefile.dylib
0x00007fff24b9a000 	/usr/lib/system/libsystem_asl.dylib
0x00007fff20156000 	/usr/lib/system/libsystem_blocks.dylib
0x00007fff202f4000 	/usr/lib/system/libsystem_c.dylib
0x00007fff2a75c000 	/usr/lib/system/libsystem_collections.dylib
0x00007fff2930b000 	/usr/lib/system/libsystem_configuration.dylib
0x00007fff285fb000 	/usr/lib/system/libsystem_containermanager.dylib
0x00007fff2a4a0000 	/usr/lib/system/libsystem_coreservices.dylib
0x00007fff227b9000 	/usr/lib/system/libsystem_darwin.dylib
0x00007fff2a766000 	/usr/lib/system/libsystem_dnssd.dylib
0x00007fff202f1000 	/usr/lib/system/libsystem_featureflags.dylib
0x00007fff2046c000 	/usr/lib/system/libsystem_info.dylib
0x00007fff2a6bb000 	/usr/lib/system/libsystem_m.dylib
0x00007fff20245000 	/usr/lib/system/libsystem_malloc.dylib
0x00007fff24b2e000 	/usr/lib/system/libsystem_networkextension.dylib
0x00007fff22bd3000 	/usr/lib/system/libsystem_notify.dylib
0x00007fff301b0000 	/usr/lib/system/libsystem_product_info_filter.dylib
0x00007fff2930f000 	/usr/lib/system/libsystem_sandbox.dylib
0x00007fff2a75f000 	/usr/lib/system/libsystem_secinit.dylib
0x00007fff203ec000 	/usr/lib/system/libsystem_kernel.dylib
0x00007fff20462000 	/usr/lib/system/libsystem_platform.dylib
0x00007fff2041b000 	/usr/lib/system/libsystem_pthread.dylib
0x00007fff262c7000 	/usr/lib/system/libsystem_symptoms.dylib
0x00007fff2018e000 	/usr/lib/system/libsystem_trace.dylib
0x00007fff2a736000 	/usr/lib/system/libunwind.dylib
0x00007fff20158000 	/usr/lib/system/libxpc.dylib
0x00007fff203d3000 	/usr/lib/libc++abi.dylib
0x00007fff2a741000 	/usr/lib/liboah.dylib
0x00007fff2ae05000 	/usr/lib/liblzma.5.dylib
0x00007fff20e8e000 	/System/Library/Frameworks/SystemConfiguration.framework/Versions/A/SystemConfiguration
0x00007fff2a776000 	/usr/lib/libfakelink.dylib
0x00007fff24690000 	/System/Library/Frameworks/CFNetwork.framework/Versions/A/CFNetwork
0x00007fff2a8b6000 	/usr/lib/libarchive.2.dylib
0x00007fff20f0c000 	/usr/lib/libCRFSuite.dylib
0x00007fff29f45000 	/usr/lib/libbsm.0.dylib
0x00007fff2404c000 	/usr/lib/libnetwork.dylib
0x00007fff2a77b000 	/usr/lib/libpcap.A.dylib
0x00007fff262c0000 	/usr/lib/libdns_services.dylib
0x00007fff2ae1e000 	/usr/lib/libcoretls_cfhelpers.dylib
0x00007fff2a9ba000 	/usr/lib/libapple_nghttp2.dylib
0x00007fff2a70e000 	/usr/lib/system/libkxld.dylib
0x00007fff25f2e000 	/usr/lib/libsqlite3.dylib
0x00007fff2a482000 	/System/Library/PrivateFrameworks/AppleFSCompression.framework/Versions/A/AppleFSCompression
0x00007fff29f2d000 	/usr/lib/libcoretls.dylib
0x00007fff2a9e7000 	/usr/lib/libpam.2.dylib
0x00007fff2af1a000 	/usr/lib/libxar.1.dylib
0x00007fff29316000 	/System/Library/PrivateFrameworks/AppleSystemInfo.framework/Versions/A/AppleSystemInfo
0x00007fff29b70000 	/System/Library/PrivateFrameworks/IOMobileFramebuffer.framework/Versions/A/IOMobileFramebuffer
0x00007fff2a492000 	/usr/lib/libbz2.1.0.dylib
0x00007fff2a7b3000 	/usr/lib/libiconv.2.dylib
0x00007fff2a707000 	/usr/lib/libcharset.1.dylib
0x00007fff2746e000 	/System/Library/Frameworks/CoreServices.framework/Versions/A/Frameworks/FSEvents.framework/Versions/A/FSEvents
0x00007fff227c3000 	/System/Library/Frameworks/CoreServices.framework/Versions/A/Frameworks/CarbonCore.framework/Versions/A/CarbonCore
0x00007fff264c9000 	/System/Library/Frameworks/CoreServices.framework/Versions/A/Frameworks/Metadata.framework/Versions/A/Metadata
0x00007fff2a4a5000 	/System/Library/Frameworks/CoreServices.framework/Versions/A/Frameworks/OSServices.framework/Versions/A/OSServices
0x00007fff2a928000 	/System/Library/Frameworks/CoreServices.framework/Versions/A/Frameworks/SearchKit.framework/Versions/A/SearchKit
0x00007fff2624a000 	/System/Library/Frameworks/CoreServices.framework/Versions/A/Frameworks/AE.framework/Versions/A/AE
0x00007fff20934000 	/System/Library/Frameworks/CoreServices.framework/Versions/A/Frameworks/LaunchServices.framework/Versions/A/LaunchServices
0x00007fff2adb6000 	/System/Library/Frameworks/CoreServices.framework/Versions/A/Frameworks/DictionaryServices.framework/Versions/A/DictionaryServices
0x00007fff27477000 	/System/Library/Frameworks/CoreServices.framework/Versions/A/Frameworks/SharedFileList.framework/Versions/A/SharedFileList
0x00007fff29f21000 	/usr/lib/libCheckFix.dylib
0x00007fff24bb1000 	/System/Library/PrivateFrameworks/TCC.framework/Versions/A/TCC
0x00007fff2931c000 	/System/Library/PrivateFrameworks/CoreNLP.framework/Versions/A/CoreNLP
0x00007fff2647c000 	/System/Library/PrivateFrameworks/MetadataUtilities.framework/Versions/A/MetadataUtilities
0x00007fff20f42000 	/usr/lib/libmecabra.dylib
0x00007fff2a235000 	/System/Library/Frameworks/MLCompute.framework/Versions/A/MLCompute
0x00007fff29f56000 	/usr/lib/libmecab.dylib
0x00007fff29fa0000 	/usr/lib/libgermantok.dylib
0x00007fff2a990000 	/usr/lib/libThaiTokenizer.dylib
0x00007fff2af55000 	/usr/lib/libChineseTokenizer.dylib
0x00007fff2a9e5000 	/System/Library/Frameworks/MetalPerformanceShaders.framework/Versions/A/MetalPerformanceShaders
0x00007fff2656b000 	/System/Library/Frameworks/Accelerate.framework/Versions/A/Frameworks/vImage.framework/Versions/A/vImage
0x00007fff3028b000 	/System/Library/Frameworks/Accelerate.framework/Versions/A/Frameworks/vecLib.framework/Versions/A/vecLib
0x00007fff2af60000 	/System/Library/Frameworks/Accelerate.framework/Versions/A/Frameworks/vecLib.framework/Versions/A/libvMisc.dylib
0x00007fff299cc000 	/System/Library/Frameworks/Accelerate.framework/Versions/A/Frameworks/vecLib.framework/Versions/A/libvDSP.dylib
0x00007fff20c38000 	/System/Library/Frameworks/Accelerate.framework/Versions/A/Frameworks/vecLib.framework/Versions/A/libBLAS.dylib
0x00007fff2aa0b000 	/System/Library/Frameworks/Accelerate.framework/Versions/A/Frameworks/vecLib.framework/Versions/A/libLAPACK.dylib
0x00007fff29fa6000 	/System/Library/Frameworks/Accelerate.framework/Versions/A/Frameworks/vecLib.framework/Versions/A/libLinearAlgebra.dylib
0x00007fff2a9d2000 	/System/Library/Frameworks/Accelerate.framework/Versions/A/Frameworks/vecLib.framework/Versions/A/libSparseBLAS.dylib
0x00007fff2aa05000 	/System/Library/Frameworks/Accelerate.framework/Versions/A/Frameworks/vecLib.framework/Versions/A/libQuadrature.dylib
0x00007fff293c4000 	/System/Library/Frameworks/Accelerate.framework/Versions/A/Frameworks/vecLib.framework/Versions/A/libBNNS.dylib
0x00007fff20e1f000 	/System/Library/Frameworks/Accelerate.framework/Versions/A/Frameworks/vecLib.framework/Versions/A/libSparse.dylib
0x00007fff292af000 	/System/Library/Frameworks/MetalPerformanceShaders.framework/Versions/A/Frameworks/MPSCore.framework/Versions/A/MPSCore
0x00007fff2a3f1000 	/System/Library/Frameworks/MetalPerformanceShaders.framework/Versions/A/Frameworks/MPSImage.framework/Versions/A/MPSImage
0x00007fff29fbd000 	/System/Library/Frameworks/MetalPerformanceShaders.framework/Versions/A/Frameworks/MPSNeuralNetwork.framework/Versions/A/MPSNeuralNetwork
0x00007fff2a37c000 	/System/Library/Frameworks/MetalPerformanceShaders.framework/Versions/A/Frameworks/MPSMatrix.framework/Versions/A/MPSMatrix
0x00007fff2a1e5000 	/System/Library/Frameworks/MetalPerformanceShaders.framework/Versions/A/Frameworks/MPSRayIntersector.framework/Versions/A/MPSRayIntersector
0x00007fff2a3b3000 	/System/Library/Frameworks/MetalPerformanceShaders.framework/Versions/A/Frameworks/MPSNDArray.framework/Versions/A/MPSNDArray
0x00007fff20b64000 	/System/Library/PrivateFrameworks/MetalTools.framework/Versions/A/MetalTools
0x00007fff29314000 	/System/Library/PrivateFrameworks/AggregateDictionary.framework/Versions/A/AggregateDictionary
0x00007fff26454000 	/System/Library/PrivateFrameworks/CoreAnalytics.framework/Versions/A/CoreAnalytics
0x00007fff2a992000 	/System/Library/PrivateFrameworks/AppleSauce.framework/Versions/A/AppleSauce
0x00007fff2861e000 	/System/Library/PrivateFrameworks/IOAccelerator.framework/Versions/A/IOAccelerator
0x00007fff6cbaf000 	/System/Library/Frameworks/OpenGL.framework/Versions/A/Libraries/libCoreFSCache.dylib
0x00007fff214de000 	/System/Library/PrivateFrameworks/LanguageModeling.framework/Versions/A/LanguageModeling
0x00007fff29b5d000 	/System/Library/PrivateFrameworks/CoreEmoji.framework/Versions/A/CoreEmoji
0x00007fff293bd000 	/System/Library/PrivateFrameworks/LinguisticData.framework/Versions/A/LinguisticData
0x00007fff20dd1000 	/System/Library/PrivateFrameworks/Lexicon.framework/Versions/A/Lexicon
0x00007fff2a8a4000 	/usr/lib/libcmph.dylib
0x00007fff2744e000 	/System/Library/Frameworks/OpenDirectory.framework/Versions/A/Frameworks/CFOpenDirectory.framework/Versions/A/CFOpenDirectory
0x00007fff2743e000 	/System/Library/Frameworks/OpenDirectory.framework/Versions/A/OpenDirectory
0x00007fff2ae20000 	/System/Library/PrivateFrameworks/APFS.framework/Versions/A/APFS
0x00007fff29e82000 	/System/Library/Frameworks/SecurityFoundation.framework/Versions/A/SecurityFoundation
0x00007fff2af28000 	/usr/lib/libutil.dylib
0x00007fff22aea000 	/System/Library/PrivateFrameworks/CoreServicesStore.framework/Versions/A/CoreServicesStore
0x00007fff29f19000 	/System/Library/Frameworks/ServiceManagement.framework/Versions/A/ServiceManagement
0x00007fff2af2c000 	/usr/lib/libxslt.1.dylib
0x00007fff29f0f000 	/System/Library/PrivateFrameworks/BackgroundTaskManagement.framework/Versions/A/BackgroundTaskManagement
0x00007fff2c06c000 	/System/Library/Frameworks/ImageIO.framework/Versions/A/Resources/libRadiance.dylib
0x00007fff2c075000 	/System/Library/Frameworks/ImageIO.framework/Versions/A/Resources/libJPEG.dylib
0x00007fff2bfc5000 	/System/Library/Frameworks/ImageIO.framework/Versions/A/Resources/libPng.dylib
0x00007fff2bfec000 	/System/Library/Frameworks/ImageIO.framework/Versions/A/Resources/libTIFF.dylib
0x00007fff2c0ca000 	/System/Library/Frameworks/ImageIO.framework/Versions/A/Resources/libGIF.dylib
0x00007fff2bd29000 	/System/Library/Frameworks/ImageIO.framework/Versions/A/Resources/libJP2.dylib
0x00007fff2b413000 	/usr/lib/libexpat.1.dylib
0x00007fff2bcde000 	/System/Library/PrivateFrameworks/AppleJPEG.framework/Versions/A/AppleJPEG
0x00007fff28854000 	/System/Library/PrivateFrameworks/FontServices.framework/libFontParser.dylib
0x00007fff261fe000 	/System/Library/PrivateFrameworks/RunningBoardServices.framework/Versions/A/RunningBoardServices
0x00007fff2be07000 	/System/Library/PrivateFrameworks/WatchdogClient.framework/Versions/A/WatchdogClient
0x00007fff215cb000 	/System/Library/Frameworks/CoreDisplay.framework/Versions/A/CoreDisplay
0x00007fff2876a000 	/System/Library/Frameworks/CoreMedia.framework/Versions/A/CoreMedia
0x00007fff275cb000 	/System/Library/Frameworks/CoreVideo.framework/Versions/A/CoreVideo
0x00007fff2be3f000 	/System/Library/Frameworks/VideoToolbox.framework/Versions/A/VideoToolbox
0x00007fff2617c000 	/System/Library/PrivateFrameworks/BaseBoard.framework/Versions/A/BaseBoard
0x00007fff2b558000 	/System/Library/PrivateFrameworks/PersistentConnection.framework/Versions/A/PersistentConnection
0x00007fff25f17000 	/System/Library/PrivateFrameworks/ProtocolBuffer.framework/Versions/A/ProtocolBuffer
0x00007fff26163000 	/System/Library/PrivateFrameworks/CommonUtilities.framework/Versions/A/CommonUtilities
0x00007fff2bc73000 	/System/Library/PrivateFrameworks/Bom.framework/Versions/A/Bom
0x00007fff2c065000 	/System/Library/PrivateFrameworks/GPUWrangler.framework/Versions/A/GPUWrangler
0x00007fff2c04a000 	/System/Library/PrivateFrameworks/IOPresentment.framework/Versions/A/IOPresentment
0x00007fff2c06f000 	/System/Library/PrivateFrameworks/DSExternalDisplay.framework/Versions/A/DSExternalDisplay
0x00007fff2c0cf000 	/System/Library/PrivateFrameworks/CMCaptureCore.framework/Versions/A/CMCaptureCore
0x00007fff2b9f8000 	/System/Library/PrivateFrameworks/AppServerSupport.framework/Versions/A/AppServerSupport
0x00007fff2daa2000 	/System/Library/PrivateFrameworks/perfdata.framework/Versions/A/perfdata
0x00007fff29e71000 	/System/Library/PrivateFrameworks/AssertionServices.framework/Versions/A/AssertionServices
0x00007fff21702000 	/System/Library/PrivateFrameworks/AudioToolboxCore.framework/Versions/A/AudioToolboxCore
0x00007fff2874d000 	/System/Library/PrivateFrameworks/caulk.framework/Versions/A/caulk
0x00007fff3d72f000 	/System/Library/PrivateFrameworks/SystemPolicy.framework/Versions/A/SystemPolicy
0x00007fff2b208000 	/usr/lib/libIOReport.dylib
0x00007fff2d2c4000 	/usr/lib/libSMC.dylib
0x00007fff2bf92000 	/usr/lib/libAudioToolboxUtility.dylib
0x00007fff3e099000 	/usr/lib/libmis.dylib
0x00007fff6cc0b000 	/System/Library/Frameworks/OpenGL.framework/Versions/A/Libraries/libGLU.dylib
0x00007fff6cbce000 	/System/Library/Frameworks/OpenGL.framework/Versions/A/Libraries/libGFXShared.dylib
0x00007fff6cddd000 	/System/Library/Frameworks/OpenGL.framework/Versions/A/Libraries/libGL.dylib
0x00007fff6cbd7000 	/System/Library/Frameworks/OpenGL.framework/Versions/A/Libraries/libGLImage.dylib
0x00007fff6cbcb000 	/System/Library/Frameworks/OpenGL.framework/Versions/A/Libraries/libCVMSPluginSupport.dylib
0x00007fff6cbb6000 	/System/Library/Frameworks/OpenGL.framework/Versions/A/Libraries/libCoreVMClient.dylib
0x00007fff6e21e000 	/System/Library/Frameworks/OpenCL.framework/Versions/A/OpenCL
0x00007fff2b582000 	/System/Library/PrivateFrameworks/GraphVisualizer.framework/Versions/A/GraphVisualizer
0x00007fff2b591000 	/System/Library/PrivateFrameworks/FaceCore.framework/Versions/A/FaceCore
0x00007fff2b9ad000 	/System/Library/PrivateFrameworks/OTSVG.framework/Versions/A/OTSVG
0x00007fff271c2000 	/System/Library/Frameworks/ApplicationServices.framework/Versions/A/Frameworks/ATS.framework/Versions/A/Resources/libFontRegistry.dylib
0x00007fff2b9ff000 	/System/Library/PrivateFrameworks/FontServices.framework/libhvf.dylib
0x00007fff2b3bf000 	/System/Library/PrivateFrameworks/AppleVA.framework/Versions/A/AppleVA
0x00007fff2d10d000 	/System/Library/Frameworks/ApplicationServices.framework/Versions/A/Frameworks/ATS.framework/Versions/A/ATS
0x00007fff2d41f000 	/System/Library/Frameworks/ApplicationServices.framework/Versions/A/Frameworks/ColorSyncLegacy.framework/Versions/A/ColorSyncLegacy
0x00007fff256e0000 	/System/Library/Frameworks/ApplicationServices.framework/Versions/A/Frameworks/HIServices.framework/Versions/A/HIServices
0x00007fff2d404000 	/System/Library/Frameworks/ApplicationServices.framework/Versions/A/Frameworks/LangAnalysis.framework/Versions/A/LangAnalysis
0x00007fff2c0d9000 	/System/Library/Frameworks/ApplicationServices.framework/Versions/A/Frameworks/PrintCore.framework/Versions/A/PrintCore
0x00007fff2d427000 	/System/Library/Frameworks/ApplicationServices.framework/Versions/A/Frameworks/QD.framework/Versions/A/QD
0x00007fff2d0fd000 	/System/Library/Frameworks/ApplicationServices.framework/Versions/A/Frameworks/SpeechSynthesis.framework/Versions/A/SpeechSynthesis
0x00007fff2c09a000 	/System/Library/Frameworks/ApplicationServices.framework/Versions/A/Frameworks/ATSUI.framework/Versions/A/ATSUI
0x00007fff2d3a4000 	/usr/lib/libcups.2.dylib
0x00007fff2d414000 	/System/Library/PrivateFrameworks/NetAuth.framework/Versions/A/NetAuth
0x00007fff2dabe000 	/System/Library/Frameworks/Kerberos.framework/Versions/A/Kerberos
0x00007fff2dace000 	/System/Library/Frameworks/GSS.framework/Versions/A/GSS
0x00007fff2d179000 	/usr/lib/libresolv.9.dylib
0x00007fff2ba14000 	/System/Library/PrivateFrameworks/Heimdal.framework/Versions/A/Heimdal
0x00007fff33845000 	/System/Library/Frameworks/Kerberos.framework/Versions/A/Libraries/libHeimdalProxy.dylib
0x00007fff262cf000 	/System/Library/Frameworks/Network.framework/Versions/A/Network
0x00007fff2b42d000 	/usr/lib/libheimdal-asn1.dylib
0x00007fff2db1e000 	/System/Library/PrivateFrameworks/CommonAuth.framework/Versions/A/CommonAuth
0x00007fff27618000 	/System/Library/PrivateFrameworks/login.framework/Versions/A/Frameworks/loginsupport.framework/Versions/A/loginsupport
0x00007fff2d082000 	/System/Library/PrivateFrameworks/AudioSession.framework/Versions/A/AudioSession
0x00007fff2d0ea000 	/usr/lib/libAudioStatistics.dylib
0x00007fff2b4ba000 	/System/Library/PrivateFrameworks/MediaExperience.framework/Versions/A/MediaExperience
0x00007fff2cf1f000 	/System/Library/PrivateFrameworks/AudioSession.framework/libSessionUtility.dylib
0x00007fff2daaf000 	/usr/lib/libperfcheck.dylib
0x00007fff2d433000 	/System/Library/PrivateFrameworks/AudioResourceArbitration.framework/Versions/A/AudioResourceArbitration
0x00007fff2b437000 	/System/Library/PrivateFrameworks/IconFoundation.framework/Versions/A/IconFoundation
0x00007fff2ff55000 	/System/Library/PrivateFrameworks/SpeechRecognitionCore.framework/Versions/A/SpeechRecognitionCore
0x000000010f000000 	/Library/Internet Plug-Ins/JavaAppletPlugin.plugin/Contents/Home/lib/server/libjvm.dylib
0x000000010adf2000 	/Library/Internet Plug-Ins/JavaAppletPlugin.plugin/Contents/Home/lib/libverify.dylib
0x000000010ae18000 	/Library/Internet Plug-Ins/JavaAppletPlugin.plugin/Contents/Home/lib/libjava.dylib
0x000000010aedd000 	/Library/Internet Plug-Ins/JavaAppletPlugin.plugin/Contents/Home/lib/libzip.dylib
0x000000012befe000 	/Library/Internet Plug-Ins/JavaAppletPlugin.plugin/Contents/Home/lib/libawt.dylib
0x000000012c043000 	/Library/Internet Plug-Ins/JavaAppletPlugin.plugin/Contents/Home/lib/libmlib_image.dylib
0x00007fff6fa43000 	/System/Library/Frameworks/JavaNativeFoundation.framework/Versions/A/JavaNativeFoundation
0x00007fff6fa4f000 	/System/Library/Frameworks/JavaRuntimeSupport.framework/Versions/A/JavaRuntimeSupport
0x00007fff3d4a7000 	/System/Library/Frameworks/Carbon.framework/Versions/A/Carbon
0x00007fff31f1b000 	/System/Library/PrivateFrameworks/CoreSymbolication.framework/Versions/A/CoreSymbolication
0x00007fff367ad000 	/System/Library/Frameworks/Carbon.framework/Versions/A/Frameworks/CommonPanels.framework/Versions/A/CommonPanels
0x00007fff33300000 	/System/Library/Frameworks/Carbon.framework/Versions/A/Frameworks/Help.framework/Versions/A/Help
0x00007fff367b1000 	/System/Library/Frameworks/Carbon.framework/Versions/A/Frameworks/ImageCapture.framework/Versions/A/ImageCapture
0x00007fff36789000 	/System/Library/Frameworks/Carbon.framework/Versions/A/Frameworks/OpenScripting.framework/Versions/A/OpenScripting
0x00007fff367a9000 	/System/Library/Frameworks/Carbon.framework/Versions/A/Frameworks/Ink.framework/Versions/A/Ink
0x00007fff3d4a3000 	/System/Library/Frameworks/Carbon.framework/Versions/A/Frameworks/Print.framework/Versions/A/Print
0x00007fff367a5000 	/System/Library/Frameworks/Carbon.framework/Versions/A/Frameworks/SecurityHI.framework/Versions/A/SecurityHI
0x00007fff31ede000 	/System/Library/PrivateFrameworks/DebugSymbols.framework/Versions/A/DebugSymbols
0x000000012c1f7000 	/Library/Internet Plug-Ins/JavaAppletPlugin.plugin/Contents/Home/lib/libawt_lwawt.dylib
0x000000012c370000 	/Library/Internet Plug-Ins/JavaAppletPlugin.plugin/Contents/Home/lib/libosxapp.dylib
0x00007fff3c867000 	/System/Library/Frameworks/ExceptionHandling.framework/Versions/A/ExceptionHandling
0x00007fff22aab000 	/System/Library/PrivateFrameworks/CoreServicesInternal.framework/Versions/A/CoreServicesInternal
0x00007fff3143b000 	/System/Library/Frameworks/FileProvider.framework/Versions/A/FileProvider
0x00007fff260e6000 	/System/Library/Frameworks/Accounts.framework/Versions/A/Accounts
0x00007fff3155c000 	/System/Library/PrivateFrameworks/GenerationalStorage.framework/Versions/A/GenerationalStorage
0x00007fff30e5a000 	/System/Library/PrivateFrameworks/SymptomDiagnosticReporter.framework/Versions/A/SymptomDiagnosticReporter
0x00007fff2e767000 	/System/Library/PrivateFrameworks/AppContainer.framework/Versions/A/AppContainer
0x00007fff23bf5000 	/System/Library/PrivateFrameworks/DesktopServicesPriv.framework/Versions/A/DesktopServicesPriv
0x00007fff22bdf000 	/usr/lib/libsandbox.1.dylib
0x00007fff27644000 	/System/Library/PrivateFrameworks/UserManagement.framework/Versions/A/UserManagement
0x00007fff29e4e000 	/System/Library/PrivateFrameworks/MobileKeyBag.framework/Versions/A/MobileKeyBag
0x00007fff348ae000 	/System/Library/PrivateFrameworks/ChunkingLibrary.framework/Versions/A/ChunkingLibrary
0x00007fff2e77c000 	/System/Library/PrivateFrameworks/SecCodeWrapper.framework/Versions/A/SecCodeWrapper
0x00007fff2b210000 	/System/Library/PrivateFrameworks/CrashReporterSupport.framework/Versions/A/CrashReporterSupport
0x00007fff48610000 	/System/Library/PrivateFrameworks/OSAnalytics.framework/Versions/A/OSAnalytics
0x00007fff783af000 	/usr/lib/libRosetta.dylib
0x00007fff33291000 	/System/Library/PrivateFrameworks/RemoteServiceDiscovery.framework/Versions/A/RemoteServiceDiscovery
0x00007fff525ce000 	/System/Library/PrivateFrameworks/Symbolication.framework/Versions/A/Symbolication
0x00007fff332a1000 	/System/Library/PrivateFrameworks/RemoteXPC.framework/Versions/A/RemoteXPC
0x00007fff3979e000 	/System/Library/PrivateFrameworks/OSAServicesClient.framework/Versions/A/OSAServicesClient
0x00007fff3e078000 	/System/Library/PrivateFrameworks/MallocStackLogging.framework/Versions/A/MallocStackLogging
0x00007fff2e4fe000 	/System/Library/PrivateFrameworks/Sharing.framework/Versions/A/Sharing
0x00007fff32e6e000 	/System/Library/PrivateFrameworks/Apple80211.framework/Versions/A/Apple80211
0x00007fff2a4d3000 	/System/Library/PrivateFrameworks/AuthKit.framework/Versions/A/AuthKit
0x00007fff29c4e000 	/System/Library/PrivateFrameworks/CoreUtils.framework/Versions/A/CoreUtils
0x00007fff29b7b000 	/System/Library/Frameworks/CoreWLAN.framework/Versions/A/CoreWLAN
0x00007fff2e646000 	/System/Library/Frameworks/IOBluetooth.framework/Versions/A/IOBluetooth
0x00007fff32ed2000 	/System/Library/PrivateFrameworks/CoreWiFi.framework/Versions/A/CoreWiFi
0x00007fff2dba6000 	/System/Library/PrivateFrameworks/CorePhoneNumbers.framework/Versions/A/CorePhoneNumbers
0x00007fff30f62000 	/System/Library/PrivateFrameworks/DiskManagement.framework/Versions/A/DiskManagement
0x00007fff30e78000 	/System/Library/PrivateFrameworks/AppleIDAuthSupport.framework/Versions/A/AppleIDAuthSupport
0x00007fff2db83000 	/System/Library/PrivateFrameworks/KeychainCircle.framework/Versions/A/KeychainCircle
0x00007fff30f2e000 	/System/Library/PrivateFrameworks/MediaKit.framework/Versions/A/MediaKit
0x00007fff30e85000 	/System/Library/Frameworks/DiscRecording.framework/Versions/A/DiscRecording
0x00007fff2b333000 	/usr/lib/libCoreStorage.dylib
0x00007fff3330c000 	/usr/lib/libcsfde.dylib
0x00007fff2e780000 	/System/Library/PrivateFrameworks/ProtectedCloudStorage.framework/Versions/A/ProtectedCloudStorage
0x00007fff33304000 	/System/Library/PrivateFrameworks/EFILogin.framework/Versions/A/EFILogin
0x00007fff338f8000 	/System/Library/Frameworks/AudioUnit.framework/Versions/A/AudioUnit
0x00007fff30df7000 	/System/Library/Frameworks/CoreBluetooth.framework/Versions/A/CoreBluetooth
0x00007fff2b32b000 	/usr/lib/libMatch.1.dylib
0x00007fff442ac000 	/System/Library/CoreServices/RawCamera.bundle/Contents/MacOS/RawCamera
0x00007fff2db2f000 	/System/Library/PrivateFrameworks/MobileAsset.framework/Versions/A/MobileAsset
0x00007fff3391d000 	/System/Library/PrivateFrameworks/StreamingZip.framework/Versions/A/StreamingZip
0x00007fff2c2d2000 	/System/Library/Frameworks/MediaToolbox.framework/Versions/A/MediaToolbox
0x00007fff3140d000 	/System/Library/PrivateFrameworks/CoreAVCHD.framework/Versions/A/CoreAVCHD
0x00007fff305c1000 	/System/Library/Frameworks/MediaAccessibility.framework/Versions/A/MediaAccessibility
0x00007fff31409000 	/System/Library/PrivateFrameworks/Mangrove.framework/Versions/A/Mangrove
0x00007fff305cd000 	/System/Library/PrivateFrameworks/AlgosScoreFramework.framework/Versions/A/AlgosScoreFramework
0x00007fff31dce000 	/System/Library/PrivateFrameworks/AppleVPA.framework/Versions/A/AppleVPA
0x00007fff3104e000 	/System/Library/PrivateFrameworks/CoreAUC.framework/Versions/A/CoreAUC
0x00007fff41c9f000 	/System/Library/Frameworks/Accelerate.framework/Versions/A/Frameworks/vImage.framework/Versions/A/Libraries/libCGInterfaces.dylib
0x000000012de01000 	/usr/lib/libobjc-trampolines.dylib
0x00007fff27346000 	/System/Library/PrivateFrameworks/ViewBridge.framework/Versions/A/ViewBridge

VM Arguments:
jvm_args: -Dfile.encoding=UTF-8 
java_command: _04_Crazy_Digital_Painting.CrazyDigitalPainting
java_class_path (initial): /Users/sameerprakash/.p2/pool/plugins/org.junit.jupiter.api_5.7.0.v20201026-1537.jar:/Users/sameerprakash/.p2/pool/plugins/org.junit.jupiter.engine_5.7.0.v20201026-1537.jar:/Users/sameerprakash/.p2/pool/plugins/org.junit.jupiter.migrationsupport_5.7.0.v20201026-1537.jar:/Users/sameerprakash/.p2/pool/plugins/org.junit.jupiter.params_5.7.0.v20201026-1537.jar:/Users/sameerprakash/.p2/pool/plugins/org.junit.platform.commons_1.7.0.v20201026-1537.jar:/Users/sameerprakash/.p2/pool/plugins/org.junit.platform.engine_1.7.0.v20201026-1537.jar:/Users/sameerprakash/.p2/pool/plugins/org.junit.platform.launcher_1.7.0.v20201026-1537.jar:/Users/sameerprakash/.p2/pool/plugins/org.junit.platform.runner_1.7.0.v20201026-1537.jar:/Users/sameerprakash/.p2/pool/plugins/org.junit.platform.suite.api_1.7.0.v20201026-1537.jar:/Users/sameerprakash/.p2/pool/plugins/org.junit.vintage.engine_5.7.0.v20201026-1537.jar:/Users/sameerprakash/.p2/pool/plugins/org.opentest4j_1.2.0.v20190826-0900.jar:/Users/sameerprakash/.p2/pool/plugins/org.apiguardian_1.1.0.v20190826-0900.jar:/Users/sameerprakash/.p2/pool/plugins/org.junit_4.13.0.v20200204-1500.jar:/Users/sameerprakash/.p2/pool/plugins/org.hamcrest.core_1.3.0.v20180420-1519.jar:/Users/sameerprakash/git/level3-module0-RedFox360/bin:/Users/sameerprakash/git/level3-module0-RedFox360/robot.jar
Launcher Type: SUN_STANDARD

Environment Variables:
PATH=/usr/bin:/bin:/usr/sbin:/sbin
SHELL=/bin/zsh

Signal Handlers:
SIGSEGV: [libjvm.dylib+0x5a0dcb], sa_mask[0]=11111111111111111111111111111111, sa_flags=SA_ONSTACK|SA_RESTART|SA_SIGINFO
SIGBUS: [libjvm.dylib+0x5a0dcb], sa_mask[0]=11111111111111111111111111111111, sa_flags=SA_RESTART|SA_SIGINFO
SIGFPE: [libjvm.dylib+0x491731], sa_mask[0]=11111111111111111111111111111111, sa_flags=SA_RESTART|SA_SIGINFO
SIGPIPE: [libjvm.dylib+0x491731], sa_mask[0]=11111111111111111111111111111111, sa_flags=SA_RESTART|SA_SIGINFO
SIGXFSZ: [libjvm.dylib+0x491731], sa_mask[0]=11111111111111111111111111111111, sa_flags=SA_RESTART|SA_SIGINFO
SIGILL: [libjvm.dylib+0x491731], sa_mask[0]=11111111111111111111111111111111, sa_flags=SA_RESTART|SA_SIGINFO
SIGUSR1: SIG_DFL, sa_mask[0]=00000000000000000000000000000000, sa_flags=none
SIGUSR2: [libjvm.dylib+0x49202a], sa_mask[0]=00100000000000000000000000000000, sa_flags=SA_RESTART|SA_SIGINFO
SIGHUP: [libjvm.dylib+0x490239], sa_mask[0]=11111111111111111111111111111111, sa_flags=SA_RESTART|SA_SIGINFO
SIGINT: [libjvm.dylib+0x490239], sa_mask[0]=11111111111111111111111111111111, sa_flags=SA_RESTART|SA_SIGINFO
SIGTERM: [libjvm.dylib+0x490239], sa_mask[0]=11111111111111111111111111111111, sa_flags=SA_RESTART|SA_SIGINFO
SIGQUIT: [libjvm.dylib+0x490239], sa_mask[0]=11111111111111111111111111111111, sa_flags=SA_RESTART|SA_SIGINFO


---------------  S Y S T E M  ---------------

OS:Bsduname:Darwin 20.2.0 Darwin Kernel Version 20.2.0: Wed Dec  2 20:40:21 PST 2020; root:xnu-7195.60.75~1/RELEASE_ARM64_T8101 x86_64
rlimit: STACK 8176k, CORE 0k, NPROC 2666, NOFILE 10240, AS infinity
load average:2.64 2.88 2.95

CPU:total 8 (initial active 8) (1 cores per cpu, 1 threads per core) family 6 model 44 stepping 0, cmov, cx8, fxsr, mmx, sse, sse2, sse3, ssse3, sse4.1, sse4.2, popcnt, aes, clmul, tsc, tscinvbit, tscinv

Memory: 4k page, physical 16777216k(99620k free)

/proc/meminfo:


vm_info: Java HotSpot(TM) 64-Bit Server VM (25.271-b09) for bsd-amd64 JRE (1.8.0_271-b09), built on Sep 16 2020 16:54:38 by "java_re" with gcc 4.2.1 Compatible Apple LLVM 10.0.0 (clang-1000.11.45.5)

time: Tue Feb  2 16:13:02 2021
timezone: PST
elapsed time: 0.351856 seconds (0d 0h 0m 0s)

